<?xml version="1.0" encoding="UTF-8"?>
<!-- Generated by org.testng.reporters.JUnitReportReporter -->
<testsuite hostname="LAPTOP-F3JRHJJR" failures="0" tests="6" name="testScript.CategoryTest" time="37.111" errors="0" timestamp="2025-06-05T08:38:23 IST" skipped="0">
  <testcase classname="testScript.CategoryTest" name="verifyAddNewCategoryWithValidDetails" time="6.894"/>
  <testcase classname="testScript.CategoryTest" name="searchCategory" time="5.559"/>
  <testcase classname="testScript.CategoryTest" name="resetSearch" time="5.639"/>
  <testcase classname="testScript.CategoryTest" name="updateCategory" time="6.806"/>
  <testcase classname="testScript.CategoryTest" name="changeStatusOfItem" time="6.012"/>
  <testcase classname="testScript.CategoryTest" name="deleteCategoryItem" time="6.201"/>
</testsuite> <!-- testScript.CategoryTest -->
