<?xml version="1.0" encoding="UTF-8"?>
<!-- Generated by org.testng.reporters.JUnitReportReporter -->
<testsuite hostname="LAPTOP-F3JRHJJR" failures="0" tests="5" name="testScript.LoginTest" time="15.761" errors="0" timestamp="2025-05-26T18:18:32 IST" skipped="0">
  <testcase classname="testScript.LoginTest" name="verifyUserLoginWithInvalidPasswordValidUsername" time="2.483"/>
  <testcase classname="testScript.LoginTest" name="verifyUserLoginWithInvalidPasswordValidUsername" time="3.135"/>
  <testcase classname="testScript.LoginTest" name="verifyUserLoginWithValidCredentials" time="3.004"/>
  <testcase classname="testScript.LoginTest" name="verifyUserLoginWithInValidCredentials" time="4.208"/>
  <testcase classname="testScript.LoginTest" name="verifyUserLoginWithInvalidPasswordValidUsername" time="2.931"/>
</testsuite> <!-- testScript.LoginTest -->
