<?xml version="1.0" encoding="UTF-8"?>
<!-- Generated by org.testng.reporters.JUnitReportReporter -->
<testsuite hostname="LAPTOP-F3JRHJJR" failures="0" tests="5" name="testScript.LoginTest" time="16.198" errors="0" timestamp="2025-06-05T08:38:23 IST" skipped="0">
  <testcase classname="testScript.LoginTest" name="verifyUserLoginWithInvalidPasswordValidUsername" time="3.005"/>
  <testcase classname="testScript.LoginTest" name="verifyUserLoginWithValidCredentials" time="3.344"/>
  <testcase classname="testScript.LoginTest" name="verifyUserLoginWithInValidCredentials" time="3.550"/>
  <testcase classname="testScript.LoginTest" name="verifyUserLoginWithInvalidPasswordValidUsername" time="3.483"/>
  <testcase classname="testScript.LoginTest" name="verifyUserLoginWithInvalidPasswordValidUsername" time="2.816"/>
</testsuite> <!-- testScript.LoginTest -->
