<?xml version="1.0" encoding="UTF-8"?>
<!-- Generated by org.testng.reporters.JUnitReportReporter -->
<testsuite hostname="LAPTOP-F3JRHJJR" failures="0" tests="5" name="testScript.NewsTest" time="23.558" errors="0" timestamp="2025-05-26T18:18:32 IST" skipped="0">
  <testcase classname="testScript.NewsTest" name="verifyAddNews" time="4.220"/>
  <testcase classname="testScript.NewsTest" name="searchCategory" time="3.983"/>
  <testcase classname="testScript.NewsTest" name="resetSearch" time="3.739"/>
  <testcase classname="testScript.NewsTest" name="updateNews" time="7.428"/>
  <testcase classname="testScript.NewsTest" name="deleteNewsItem" time="4.188"/>
</testsuite> <!-- testScript.NewsTest -->
