<?xml version="1.0" encoding="UTF-8"?>
<!-- Generated by org.testng.reporters.JUnitReportReporter -->
<testsuite hostname="LAPTOP-F3JRHJJR" failures="0" tests="6" name="testScript.CategoryTest" time="24.744" errors="0" timestamp="2025-05-26T18:18:32 IST" skipped="0">
  <testcase classname="testScript.CategoryTest" name="verifyAddNewCategoryWithValidDetails" time="4.268"/>
  <testcase classname="testScript.CategoryTest" name="searchCategory" time="3.567"/>
  <testcase classname="testScript.CategoryTest" name="resetSearch" time="3.968"/>
  <testcase classname="testScript.CategoryTest" name="updateCategory" time="4.671"/>
  <testcase classname="testScript.CategoryTest" name="changeStatusOfItem" time="4.067"/>
  <testcase classname="testScript.CategoryTest" name="deleteCategoryItem" time="4.203"/>
</testsuite> <!-- testScript.CategoryTest -->
