<?xml version="1.0" encoding="UTF-8"?>
<!-- Generated by org.testng.reporters.JUnitReportReporter -->
<testsuite hostname="LAPTOP-F3JRHJJR" failures="0" tests="5" name="testScript.LoginTest" time="15.576" errors="0" timestamp="2025-06-05T11:05:50 IST" skipped="0">
  <testcase classname="testScript.LoginTest" name="verifyUserLoginWithInValidCredentials" time="3.896"/>
  <testcase classname="testScript.LoginTest" name="verifyUserLoginWithValidCredentials" time="3.154"/>
  <testcase classname="testScript.LoginTest" name="verifyUserLoginWithInvalidPasswordValidUsername" time="2.764"/>
  <testcase classname="testScript.LoginTest" name="verifyUserLoginWithInvalidPasswordValidUsername" time="2.934"/>
  <testcase classname="testScript.LoginTest" name="verifyUserLoginWithInvalidPasswordValidUsername" time="2.828"/>
</testsuite> <!-- testScript.LoginTest -->
