<?xml version="1.0" encoding="UTF-8"?>
<!-- Generated by org.testng.reporters.JUnitReportReporter -->
<testsuite hostname="LAPTOP-F3JRHJJR" failures="0" tests="1" name="testScript.ManageContactTest" time="6.704" errors="0" timestamp="2025-06-05T10:14:24 IST" skipped="0">
  <testcase classname="testScript.ManageContactTest" name="updateContact" time="6.704"/>
</testsuite> <!-- testScript.ManageContactTest -->
