<?xml version="1.0" encoding="UTF-8"?>
<!-- Generated by org.testng.reporters.JUnitReportReporter -->
<testsuite hostname="LAPTOP-F3JRHJJR" failures="0" tests="6" name="testScript.CategoryTest" time="27.019" errors="0" timestamp="2025-06-05T11:05:50 IST" skipped="0">
  <testcase classname="testScript.CategoryTest" name="verifyAddNewCategoryWithValidDetails" time="4.829"/>
  <testcase classname="testScript.CategoryTest" name="searchCategory" time="3.920"/>
  <testcase classname="testScript.CategoryTest" name="resetSearch" time="4.255"/>
  <testcase classname="testScript.CategoryTest" name="updateCategory" time="5.436"/>
  <testcase classname="testScript.CategoryTest" name="changeStatusOfItem" time="4.368"/>
  <testcase classname="testScript.CategoryTest" name="deleteCategoryItem" time="4.211"/>
</testsuite> <!-- testScript.CategoryTest -->
